

############################################################################

SPdel v1.0 - Species delimitation and statistics for DNA Barcoding data sets

############################################################################



############################################################################

SPdel v1.0 - Species delimitation and statistics for DNA Barcoding data sets

############################################################################

Sequences are aligned (same size)
Fasta file with 91 sequences and 627 base pairs


############################################################################

SPdel v1.0 - Species delimitation and statistics for DNA Barcoding data sets

############################################################################

Sequences are aligned (same size)
Fasta file with 91 sequences and 627 base pairs


############################################################################

SPdel v1.0 - Species delimitation and statistics for DNA Barcoding data sets

############################################################################

Sequences are aligned (same size)
Fasta file with 91 sequences and 627 base pairs

#####################
Nominal MOTUs
#####################


### Delimited MOTUs ###
SC_bor
SC_bor_L0063_COIF, SC_bor_L0086_COI, SC_bor_L0117_ANOSCOIF, SC_bor_L0224_COI, SC_bor_L0899_COIF, SC_bor_L1176_COIF, SC_bor_L1177_COIF

SC_dis
SC_dis_B022_COI, SC_dis_B023_COI, SC_dis_B024_COI, SC_dis_B025_COI, SC_dis_B026_COIF, SC_dis_B027_COIF, SC_dis_L236_COI, SC_dis_L237_COI, SC_dis_L239_COIF, SC_dis_L242_COIF, SC_dis_L260_COI, SC_dis_L261_COIF, SC_dis_L262_COI, SC_dis_L263_COI, SC_dis_L264_COI, SC_dis_L265_COIF

SC_fas
SC_fas_B011_COI, SC_fas_L0544_COIF, SC_fas_L0629_COIF, SC_fas_L0650_COIF, SC_fas_L082_COI, SC_fas_L0936_COIF, SC_fas_L0951_COI, SC_fas_L0968_COIF, SC_fas_L259_COIF, SC_fas_L541_COI, SC_fas_L542_COI, SC_fas_L626_COI, SC_fas_L698_COI, SC_fas_L918_COI

SC_int
SC_int_B014_COI, SC_int_B015_COI, SC_int_L012_COIF, SC_int_L0217_COI, SC_int_L1201_COIF, SC_int_L214_COI, SC_int_L219_COIF, SC_int_L372_COI

SC_jac
SC_jac_L546_COI

SC_kne
SC_kne_B012_COI, SC_kne_L0857_COIF, SC_kne_L0866_COIF, SC_kne_L270_COIF, SC_kne_L361_COI, SC_kne_L363_COI, SC_kne_L365_COI

SC_nas
SC_nas_B016_COI, SC_nas_B017_COI, SC_nas_B018_COI, SC_nas_B019_COI, SC_nas_L0926_COIF, SC_nas_L1066_COI, SC_nas_L1093_ANOSCOIF, SC_nas_L1099_ANOSCOIF, SC_nas_L1100_ANOSCOIF, SC_nas_L1103_ANOSCOIF, SC_nas_L1111_ANOSCOIF, SC_nas_L1178_FISHF, SC_nas_L1179_COIF, SC_nas_L243_COI, SC_nas_L244_COIF, SC_nas_L245_COIF, SC_nas_L889_COI

SC_pla
SC_pla_B135, SC_pla_B136, SC_pla_B137, SC_pla_B138, SC_pla_B139

SC_sco
SC_sco_B156_COI, SC_sco_B214, SC_sco_L0906_COIF, SC_sco_L905_COI

SC_vit
SC_vit_L0613_COIF, SC_vit_L0750_COIF, SC_vit_L100_COI, SC_vit_L197_COIF, SC_vit_L205_COIF, SC_vit_L206_COIF, SC_vit_L207_COI, SC_vit_L208_COIF, SC_vit_L209_COIF, SC_vit_L380_COI, SC_vit_L558_COI, SC_vit_L733_COIF


Using k2p distance

Summary table (Name, mean intra, max intra, NN, distance to NN) in percentage
            Mean      Max                            NN    DtoNN
SC_bor  0.182705  0.48000        SC_int_SC_int_B014_COI  0.96388
SC_dis  0.431172  0.85619      SC_vit_SC_vit_L0613_COIF  4.48233
SC_fas  0.161848  0.64206      SC_vit_SC_vit_L0750_COIF  1.62089
SC_int  0.039920  0.15968      SC_bor_SC_bor_L1177_COIF  0.96388
SC_jac       NaN  0.00000            SC_pla_SC_pla_B136  0.00000
SC_kne  0.076975  0.16722  SC_nas_SC_nas_L1099_ANOSCOIF  1.91017
SC_nas  0.675764  1.71565      SC_kne_SC_kne_L0866_COIF  1.91017
SC_pla  0.140080  0.34188        SC_jac_SC_jac_L546_COI  0.00000
SC_sco  0.081993  0.16611      SC_vit_SC_vit_L0750_COIF  3.58847
SC_vit  1.322981  2.95187        SC_fas_SC_fas_B011_COI  1.62089

       minimum     mean   maximum
intra      0.0  0.50933   2.95187
inter      0.0  6.89276  13.64611


############################################################################

SPdel v2.0 - Species delimitation and statistics for DNA Barcoding data sets

############################################################################



############################################################################

SPdel v2.0 - Species delimitation and statistics for DNA Barcoding data sets

############################################################################



############################################################################

SPdel v2.0 - Species delimitation and statistics for DNA Barcoding data sets

############################################################################

Sequences are aligned (same size)
Fasta file with 91 sequences and 627 base pairs

#####################
Nominal MOTUs
#####################

#####SC_bor#####
SC_bor_L0063_COIF, SC_bor_L0086_COI, SC_bor_L0117_ANOSCOIF, SC_bor_L0224_COI, SC_bor_L0899_COIF, SC_bor_L1176_COIF, SC_bor_L1177_COIF

#####SC_dis#####
SC_dis_B022_COI, SC_dis_B023_COI, SC_dis_B024_COI, SC_dis_B025_COI, SC_dis_B026_COIF, SC_dis_B027_COIF, SC_dis_L236_COI, SC_dis_L237_COI, SC_dis_L239_COIF, SC_dis_L242_COIF, SC_dis_L260_COI, SC_dis_L261_COIF, SC_dis_L262_COI, SC_dis_L263_COI, SC_dis_L264_COI, SC_dis_L265_COIF

#####SC_fas#####
SC_fas_B011_COI, SC_fas_L0544_COIF, SC_fas_L0629_COIF, SC_fas_L0650_COIF, SC_fas_L082_COI, SC_fas_L0936_COIF, SC_fas_L0951_COI, SC_fas_L0968_COIF, SC_fas_L259_COIF, SC_fas_L541_COI, SC_fas_L542_COI, SC_fas_L626_COI, SC_fas_L698_COI, SC_fas_L918_COI

#####SC_int#####
SC_int_B014_COI, SC_int_B015_COI, SC_int_L012_COIF, SC_int_L0217_COI, SC_int_L1201_COIF, SC_int_L214_COI, SC_int_L219_COIF, SC_int_L372_COI

#####SC_jac#####
SC_jac_L546_COI

#####SC_kne#####
SC_kne_B012_COI, SC_kne_L0857_COIF, SC_kne_L0866_COIF, SC_kne_L270_COIF, SC_kne_L361_COI, SC_kne_L363_COI, SC_kne_L365_COI

#####SC_nas#####
SC_nas_B016_COI, SC_nas_B017_COI, SC_nas_B018_COI, SC_nas_B019_COI, SC_nas_L0926_COIF, SC_nas_L1066_COI, SC_nas_L1093_ANOSCOIF, SC_nas_L1099_ANOSCOIF, SC_nas_L1100_ANOSCOIF, SC_nas_L1103_ANOSCOIF, SC_nas_L1111_ANOSCOIF, SC_nas_L1178_FISHF, SC_nas_L1179_COIF, SC_nas_L243_COI, SC_nas_L244_COIF, SC_nas_L245_COIF, SC_nas_L889_COI

#####SC_pla#####
SC_pla_B135, SC_pla_B136, SC_pla_B137, SC_pla_B138, SC_pla_B139

#####SC_sco#####
SC_sco_B156_COI, SC_sco_B214, SC_sco_L0906_COIF, SC_sco_L905_COI

#####SC_vit#####
SC_vit_L0613_COIF, SC_vit_L0750_COIF, SC_vit_L100_COI, SC_vit_L197_COIF, SC_vit_L205_COIF, SC_vit_L206_COIF, SC_vit_L207_COI, SC_vit_L208_COIF, SC_vit_L209_COIF, SC_vit_L380_COI, SC_vit_L558_COI, SC_vit_L733_COIF


Using k2p distance

